<?xml version="1.0" encoding="UTF-8"?>
<testng-results ignored="0" total="1" passed="1" failed="0" skipped="0">
  <reporter-output>
  </reporter-output>
  <suite started-at="2019-04-11T10:10:59Z" name="Default suite" finished-at="2019-04-11T10:11:37Z" duration-ms="37307">
    <groups>
    </groups>
    <test started-at="2019-04-11T10:10:59Z" name="Default test" finished-at="2019-04-11T10:11:37Z" duration-ms="37307">
      <class name="com.dixter.lib.smoke.TestSample">
        <test-method is-config="true" signature="preCondition()[pri:0, instance:com.dixter.lib.smoke.TestSample@394df057]" started-at="2019-04-11T10:10:59Z" name="preCondition" finished-at="2019-04-11T10:11:33Z" duration-ms="33482" status="PASS">
          <reporter-output>
          </reporter-output>
        </test-method> <!-- preCondition -->
        <test-method signature="test_sample()[pri:0, instance:com.dixter.lib.smoke.TestSample@394df057]" started-at="2019-04-11T10:11:33Z" name="test_sample" finished-at="2019-04-11T10:11:33Z" duration-ms="236" status="PASS">
          <reporter-output>
          </reporter-output>
        </test-method> <!-- test_sample -->
        <test-method is-config="true" signature="postCondition()[pri:0, instance:com.dixter.lib.smoke.TestSample@394df057]" started-at="2019-04-11T10:11:33Z" name="postCondition" finished-at="2019-04-11T10:11:37Z" duration-ms="3540" status="PASS">
          <reporter-output>
          </reporter-output>
        </test-method> <!-- postCondition -->
      </class> <!-- com.dixter.lib.smoke.TestSample -->
    </test> <!-- Default test -->
  </suite> <!-- Default suite -->
</testng-results>
